2026-04-22 22:35:47,918 - INFO - ETL Started
2026-04-22 22:35:48,745 - INFO - Data Extracted
2026-04-22 22:35:48,749 - INFO - Data Transformed
2026-04-22 22:35:50,494 - INFO - Data Loaded
2026-04-22 22:35:50,494 - INFO - ETL Completed Successfully
2026-04-22 22:36:28,915 - INFO - ETL Started
2026-04-22 22:36:29,918 - INFO - Data Extracted
2026-04-22 22:36:29,922 - INFO - Data Transformed
2026-04-22 22:36:30,034 - INFO - Data Loaded
2026-04-22 22:36:30,034 - INFO - ETL Completed Successfully
2026-04-22 22:39:59,801 - INFO - ETL Started
2026-04-22 22:40:00,563 - INFO - Data Extracted
2026-04-22 22:40:00,567 - INFO - Data Transformed
2026-04-22 22:40:00,685 - INFO - Data Loaded
2026-04-22 22:40:00,685 - INFO - ETL Completed Successfully
2026-04-22 22:49:13,885 - INFO - ETL Started
2026-04-22 22:49:16,200 - INFO - Data Extracted
2026-04-22 22:49:16,206 - INFO - Data Transformed
2026-04-22 22:49:16,351 - INFO - Data Loaded
2026-04-22 22:49:16,351 - INFO - ETL Completed Successfully
